[0629/144706.886:ERROR:process_reader_win.cc(242)] ReadMemory at 0x7ff7cf450000 of 64 bytes failed: Somente uma parte de um pedido ReadProcessMemory ou WriteProcessMemory foi concluída. (0x12B)
[0629/144707.033:WARNING:pe_image_reader.cc(302)] could not read dos header from C:\Program Files (x86)\Google\Chrome\Application\chrome.exe
[0629/144707.033:ERROR:process_reader_win.cc(242)] ReadMemory at 0x7fff5d170000 of 64 bytes failed: Somente uma parte de um pedido ReadProcessMemory ou WriteProcessMemory foi concluída. (0x12B)
[0629/144707.033:WARNING:pe_image_reader.cc(302)] could not read dos header from C:\Windows\SYSTEM32\ntdll.dll
[0629/144707.033:ERROR:process_reader_win.cc(242)] ReadMemory at 0x7fff5cc60000 of 64 bytes failed: Somente uma parte de um pedido ReadProcessMemory ou WriteProcessMemory foi concluída. (0x12B)
[0629/144707.033:WARNING:pe_image_reader.cc(302)] could not read dos header from C:\Windows\system32\KERNEL32.DLL
[0629/144707.033:ERROR:process_reader_win.cc(242)] ReadMemory at 0x7fff5a690000 of 64 bytes failed: Somente uma parte de um pedido ReadProcessMemory ou WriteProcessMemory foi concluída. (0x12B)
[0629/144707.033:WARNING:pe_image_reader.cc(302)] could not read dos header from C:\Windows\system32\KERNELBASE.dll
[0629/144707.033:ERROR:process_reader_win.cc(242)] ReadMemory at 0x7fff48470000 of 64 bytes failed: Somente uma parte de um pedido ReadProcessMemory ou WriteProcessMemory foi concluída. (0x12B)
[0629/144707.033:WARNING:pe_image_reader.cc(302)] could not read dos header from C:\Program Files (x86)\Google\Chrome\Application\67.0.3396.99\chrome_elf.dll
[0629/144707.033:ERROR:process_reader_win.cc(242)] ReadMemory at 0x7fff5ca00000 of 64 bytes failed: Somente uma parte de um pedido ReadProcessMemory ou WriteProcessMemory foi concluída. (0x12B)
[0629/144707.034:WARNING:pe_image_reader.cc(302)] could not read dos header from C:\Windows\system32\ADVAPI32.dll
[0629/144707.034:ERROR:process_reader_win.cc(242)] ReadMemory at 0x7fff5c9e0000 of 64 bytes failed: Somente uma parte de um pedido ReadProcessMemory ou WriteProcessMemory foi concluída. (0x12B)
[0629/144707.034:WARNING:pe_image_reader.cc(302)] could not read dos header from C:\Windows\system32\PSAPI.DLL
[0629/144707.034:ERROR:process_reader_win.cc(242)] ReadMemory at 0x7fff5adc0000 of 64 bytes failed: Somente uma parte de um pedido ReadProcessMemory ou WriteProcessMemory foi concluída. (0x12B)
[0629/144707.034:WARNING:pe_image_reader.cc(302)] could not read dos header from C:\Windows\system32\SHELL32.dll
[0629/144707.034:ERROR:process_reader_win.cc(242)] ReadMemory at 0x7fff5c6b0000 of 64 bytes failed: Somente uma parte de um pedido ReadProcessMemory ou WriteProcessMemory foi concluída. (0x12B)
[0629/144707.034:WARNING:pe_image_reader.cc(302)] could not read dos header from C:\Windows\system32\SHLWAPI.dll
[0629/144707.034:ERROR:process_reader_win.cc(242)] ReadMemory at 0x7fff5c860000 of 64 bytes failed: Somente uma parte de um pedido ReadProcessMemory ou WriteProcessMemory foi concluída. (0x12B)
[0629/144707.034:WARNING:pe_image_reader.cc(302)] could not read dos header from C:\Windows\system32\USER32.dll
[0629/144707.034:ERROR:process_reader_win.cc(242)] ReadMemory at 0x7fff551d0000 of 64 bytes failed: Somente uma parte de um pedido ReadProcessMemory ou WriteProcessMemory foi concluída. (0x12B)
[0629/144707.034:WARNING:pe_image_reader.cc(302)] could not read dos header from C:\Windows\SYSTEM32\VERSION.dll
[0629/144707.034:ERROR:process_reader_win.cc(242)] ReadMemory at 0x7fff53390000 of 64 bytes failed: Somente uma parte de um pedido ReadProcessMemory ou WriteProcessMemory foi concluída. (0x12B)
[0629/144707.034:WARNING:pe_image_reader.cc(302)] could not read dos header from C:\Windows\SYSTEM32\WINMM.dll
[0629/144707.034:ERROR:process_reader_win.cc(242)] ReadMemory at 0x7fff598e0000 of 64 bytes failed: Somente uma parte de um pedido ReadProcessMemory ou WriteProcessMemory foi concluída. (0x12B)
[0629/144707.034:WARNING:pe_image_reader.cc(302)] could not read dos header from C:\Windows\SYSTEM32\USERENV.dll
[0629/144707.034:ERROR:process_reader_win.cc(242)] ReadMemory at 0x7fff51f30000 of 64 bytes failed: Somente uma parte de um pedido ReadProcessMemory ou WriteProcessMemory foi concluída. (0x12B)
[0629/144707.034:WARNING:pe_image_reader.cc(302)] could not read dos header from C:\Windows\SYSTEM32\WINHTTP.dll
[0629/144707.034:ERROR:process_reader_win.cc(242)] ReadMemory at 0x7fff5a930000 of 64 bytes failed: Somente uma parte de um pedido ReadProcessMemory ou WriteProcessMemory foi concluída. (0x12B)
[0629/144707.034:WARNING:pe_image_reader.cc(302)] could not read dos header from C:\Windows\system32\msvcrt.dll
[0629/144707.034:ERROR:process_reader_win.cc(242)] ReadMemory at 0x7fff5a9e0000 of 64 bytes failed: Somente uma parte de um pedido ReadProcessMemory ou WriteProcessMemory foi concluída. (0x12B)
[0629/144707.034:WARNING:pe_image_reader.cc(302)] could not read dos header from C:\Windows\SYSTEM32\sechost.dll
[0629/144707.034:ERROR:process_reader_win.cc(242)] ReadMemory at 0x4461980000 of 64 bytes failed: Somente uma parte de um pedido ReadProcessMemory ou WriteProcessMemory foi concluída. (0x12B)
[0629/144707.034:WARNING:pe_image_reader.cc(302)] could not read dos header from C:\Windows\system32\RPCRT4.dll
[0629/144707.034:ERROR:process_reader_win.cc(242)] ReadMemory at 0x7fff5c490000 of 64 bytes failed: Somente uma parte de um pedido ReadProcessMemory ou WriteProcessMemory foi concluída. (0x12B)
[0629/144707.034:WARNING:pe_image_reader.cc(302)] could not read dos header from C:\Windows\SYSTEM32\combase.dll
[0629/144707.034:ERROR:process_reader_win.cc(242)] ReadMemory at 0x7fff5c710000 of 64 bytes failed: Somente uma parte de um pedido ReadProcessMemory ou WriteProcessMemory foi concluída. (0x12B)
[0629/144707.034:WARNING:pe_image_reader.cc(302)] could not read dos header from C:\Windows\system32\GDI32.dll
[0629/144707.034:ERROR:process_reader_win.cc(242)] ReadMemory at 0x7fff53360000 of 64 bytes failed: Somente uma parte de um pedido ReadProcessMemory ou WriteProcessMemory foi concluída. (0x12B)
[0629/144707.034:WARNING:pe_image_reader.cc(302)] could not read dos header from C:\Windows\SYSTEM32\WINMMBASE.dll
[0629/144707.034:ERROR:process_reader_win.cc(242)] ReadMemory at 0x7fff5a2a0000 of 64 bytes failed: Somente uma parte de um pedido ReadProcessMemory ou WriteProcessMemory foi concluída. (0x12B)
[0629/144707.034:WARNING:pe_image_reader.cc(302)] could not read dos header from C:\Windows\SYSTEM32\profapi.dll
[0629/144707.035:ERROR:process_reader_win.cc(242)] ReadMemory at 0x7fff5a600000 of 64 bytes failed: Somente uma parte de um pedido ReadProcessMemory ou WriteProcessMemory foi concluída. (0x12B)
[0629/144707.035:WARNING:pe_image_reader.cc(302)] could not read dos header from C:\Windows\system32\SspiCli.dll
[0629/144707.035:ERROR:process_reader_win.cc(242)] ReadMemory at 0x7fff5a7b0000 of 64 bytes failed: Somente uma parte de um pedido ReadProcessMemory ou WriteProcessMemory foi concluída. (0x12B)
[0629/144707.035:WARNING:pe_image_reader.cc(302)] could not read dos header from C:\Windows\SYSTEM32\cfgmgr32.dll
[0629/144707.035:ERROR:process_reader_win.cc(242)] ReadMemory at 0x7fff590c0000 of 64 bytes failed: Somente uma parte de um pedido ReadProcessMemory ou WriteProcessMemory foi concluída. (0x12B)
[0629/144707.035:WARNING:pe_image_reader.cc(302)] could not read dos header from C:\Windows\SYSTEM32\DEVOBJ.dll
[0629/144707.035:ERROR:process_reader_win.cc(242)] ReadMemory at 0x7fff5a1e0000 of 64 bytes failed: Somente uma parte de um pedido ReadProcessMemory ou WriteProcessMemory foi concluída. (0x12B)
[0629/144707.035:WARNING:pe_image_reader.cc(302)] could not read dos header from C:\Windows\SYSTEM32\CRYPTBASE.DLL
[0629/144707.035:ERROR:process_reader_win.cc(242)] ReadMemory at 0x7fff5a170000 of 64 bytes failed: Somente uma parte de um pedido ReadProcessMemory ou WriteProcessMemory foi concluída. (0x12B)
[0629/144707.035:WARNING:pe_image_reader.cc(302)] could not read dos header from C:\Windows\SYSTEM32\bcryptPrimitives.dll
[0629/144707.035:ERROR:process_reader_win.cc(242)] ReadMemory at 0x7fff5c2f0000 of 64 bytes failed: Somente uma parte de um pedido ReadProcessMemory ou WriteProcessMemory foi concluída. (0x12B)
[0629/144707.035:WARNING:pe_image_reader.cc(302)] could not read dos header from C:\Windows\system32\IMM32.DLL
[0629/144707.035:ERROR:process_reader_win.cc(242)] ReadMemory at 0x7fff5c330000 of 64 bytes failed: Somente uma parte de um pedido ReadProcessMemory ou WriteProcessMemory foi concluída. (0x12B)
[0629/144707.035:WARNING:pe_image_reader.cc(302)] could not read dos header from C:\Windows\system32\MSCTF.dll
[0629/144707.035:ERROR:process_reader_win.cc(242)] ReadMemory at 0x7fff45e50000 of 64 bytes failed: Somente uma parte de um pedido ReadProcessMemory ou WriteProcessMemory foi concluída. (0x12B)
[0629/144707.035:WARNING:pe_image_reader.cc(302)] could not read dos header from C:\Program Files\Diebold\Warsaw\wslbdhm64.dll
[0629/144707.035:ERROR:process_reader_win.cc(242)] ReadMemory at 0x7fff5cc00000 of 64 bytes failed: Somente uma parte de um pedido ReadProcessMemory ou WriteProcessMemory foi concluída. (0x12B)
[0629/144707.035:WARNING:pe_image_reader.cc(302)] could not read dos header from C:\Windows\system32\WS2_32.dll
[0629/144707.035:ERROR:process_reader_win.cc(242)] ReadMemory at 0x7fff5d160000 of 64 bytes failed: Somente uma parte de um pedido ReadProcessMemory ou WriteProcessMemory foi concluída. (0x12B)
[0629/144707.035:WARNING:pe_image_reader.cc(302)] could not read dos header from C:\Windows\system32\NSI.dll
[0629/144707.035:ERROR:process_reader_win.cc(242)] ReadMemory at 0x7fff538c0000 of 64 bytes failed: Somente uma parte de um pedido ReadProcessMemory ou WriteProcessMemory foi concluída. (0x12B)
[0629/144707.035:WARNING:pe_image_reader.cc(302)] could not read dos header from C:\Windows\SYSTEM32\ntmarta.dll
[0629/144707.035:ERROR:process_reader_win.cc(242)] ReadMemory at 0x7fff476c0000 of 64 bytes failed: Somente uma parte de um pedido ReadProcessMemory ou WriteProcessMemory foi concluída. (0x12B)
[0629/144707.035:WARNING:pe_image_reader.cc(302)] could not read dos header from C:\Program Files\Diebold\Warsaw\wslbscrwh64.dll
[0629/144707.035:ERROR:process_reader_win.cc(242)] ReadMemory at 0x7fff58520000 of 64 bytes failed: Somente uma parte de um pedido ReadProcessMemory ou WriteProcessMemory foi concluída. (0x12B)
[0629/144707.035:WARNING:pe_image_reader.cc(302)] could not read dos header from C:\Windows\SYSTEM32\shcore.dll
[0629/144707.035:ERROR:process_reader_win.cc(242)] ReadMemory at 0x7fff1f830000 of 64 bytes failed: Somente uma parte de um pedido ReadProcessMemory ou WriteProcessMemory foi concluída. (0x12B)
[0629/144707.035:WARNING:pe_image_reader.cc(302)] could not read dos header from C:\Program Files (x86)\Google\Chrome\Application\67.0.3396.99\chrome_child.dll
[0629/144707.035:ERROR:process_reader_win.cc(242)] ReadMemory at 0x7fff5d0a0000 of 64 bytes failed: Somente uma parte de um pedido ReadProcessMemory ou WriteProcessMemory foi concluída. (0x12B)
[0629/144707.035:WARNING:pe_image_reader.cc(302)] could not read dos header from C:\Windows\system32\COMDLG32.dll
[0629/144707.036:ERROR:process_reader_win.cc(242)] ReadMemory at 0x4461e10000 of 64 bytes failed: Somente uma parte de um pedido ReadProcessMemory ou WriteProcessMemory foi concluída. (0x12B)
[0629/144707.036:WARNING:pe_image_reader.cc(302)] could not read dos header from C:\Windows\system32\OLEAUT32.dll
[0629/144707.036:ERROR:process_reader_win.cc(242)] ReadMemory at 0x7fff5ac20000 of 64 bytes failed: Somente uma parte de um pedido ReadProcessMemory ou WriteProcessMemory foi concluída. (0x12B)
[0629/144707.036:WARNING:pe_image_reader.cc(302)] could not read dos header from C:\Windows\system32\ole32.dll
[0629/144707.036:ERROR:process_reader_win.cc(242)] ReadMemory at 0x7fff55cb0000 of 64 bytes failed: Somente uma parte de um pedido ReadProcessMemory ou WriteProcessMemory foi concluída. (0x12B)
[0629/144707.036:WARNING:pe_image_reader.cc(302)] could not read dos header from C:\Windows\SYSTEM32\Secur32.dll
[0629/144707.036:ERROR:process_reader_win.cc(242)] ReadMemory at 0x7fff5a630000 of 64 bytes failed: Somente uma parte de um pedido ReadProcessMemory ou WriteProcessMemory foi concluída. (0x12B)
[0629/144707.036:WARNING:pe_image_reader.cc(302)] could not read dos header from C:\Windows\system32\WINTRUST.dll
[0629/144707.036:ERROR:process_reader_win.cc(242)] ReadMemory at 0x7fff4c5e0000 of 64 bytes failed: Somente uma parte de um pedido ReadProcessMemory ou WriteProcessMemory foi concluída. (0x12B)
[0629/144707.036:WARNING:pe_image_reader.cc(302)] could not read dos header from C:\Windows\SYSTEM32\dbghelp.dll
[0629/144707.036:ERROR:process_reader_win.cc(242)] ReadMemory at 0x7fff53e70000 of 64 bytes failed: Somente uma parte de um pedido ReadProcessMemory ou WriteProcessMemory foi concluída. (0x12B)
[0629/144707.036:WARNING:pe_image_reader.cc(302)] could not read dos header from C:\Windows\SYSTEM32\USP10.dll
[0629/144707.036:ERROR:process_reader_win.cc(242)] ReadMemory at 0x7fff55130000 of 64 bytes failed: Somente uma parte de um pedido ReadProcessMemory ou WriteProcessMemory foi concluída. (0x12B)
[0629/144707.036:WARNING:pe_image_reader.cc(302)] could not read dos header from C:\Windows\SYSTEM32\WINSPOOL.DRV
[0629/144707.036:ERROR:process_reader_win.cc(242)] ReadMemory at 0x7fff5a420000 of 64 bytes failed: Somente uma parte de um pedido ReadProcessMemory ou WriteProcessMemory foi concluída. (0x12B)
[0629/144707.036:WARNING:pe_image_reader.cc(302)] could not read dos header from C:\Windows\system32\CRYPT32.dll
[0629/144707.036:ERROR:process_reader_win.cc(242)] ReadMemory at 0x7fff55030000 of 64 bytes failed: Somente uma parte de um pedido ReadProcessMemory ou WriteProcessMemory foi concluída. (0x12B)
[0629/144707.036:WARNING:pe_image_reader.cc(302)] could not read dos header from C:\Windows\SYSTEM32\IPHLPAPI.DLL
[0629/144707.036:ERROR:process_reader_win.cc(242)] ReadMemory at 0x7fff52c30000 of 64 bytes failed: Somente uma parte de um pedido ReadProcessMemory ou WriteProcessMemory foi concluída. (0x12B)
[0629/144707.036:WARNING:pe_image_reader.cc(302)] could not read dos header from C:\Windows\SYSTEM32\urlmon.dll
[0629/144707.036:ERROR:process_reader_win.cc(242)] ReadMemory at 0x7fff56010000 of 64 bytes failed: Somente uma parte de um pedido ReadProcessMemory ou WriteProcessMemory foi concluída. (0x12B)
[0629/144707.037:WARNING:pe_image_reader.cc(302)] could not read dos header from C:\Windows\SYSTEM32\DWrite.dll
[0629/144707.037:ERROR:process_reader_win.cc(242)] ReadMemory at 0x7fff578e0000 of 64 bytes failed: Somente uma parte de um pedido ReadProcessMemory ou WriteProcessMemory foi concluída. (0x12B)
[0629/144707.037:WARNING:pe_image_reader.cc(302)] could not read dos header from C:\Windows\SYSTEM32\dxgi.dll
[0629/144707.037:ERROR:process_reader_win.cc(242)] ReadMemory at 0x7fff54b50000 of 64 bytes failed: Somente uma parte de um pedido ReadProcessMemory ou WriteProcessMemory foi concluída. (0x12B)
[0629/144707.037:WARNING:pe_image_reader.cc(302)] could not read dos header from C:\Windows\SYSTEM32\dhcpcsvc.DLL
[0629/144707.037:ERROR:process_reader_win.cc(242)] ReadMemory at 0x7fff56640000 of 64 bytes failed: Somente uma parte de um pedido ReadProcessMemory ou WriteProcessMemory foi concluída. (0x12B)
[0629/144707.037:WARNING:pe_image_reader.cc(302)] could not read dos header from C:\Windows\WinSxS\amd64_microsoft.windows.common-controls_6595b64144ccf1df_6.0.9600.18006_none_623f33d3ecbe86e8\COMCTL32.dll
[0629/144707.037:ERROR:process_reader_win.cc(242)] ReadMemory at 0x7fff5a350000 of 64 bytes failed: Somente uma parte de um pedido ReadProcessMemory ou WriteProcessMemory foi concluída. (0x12B)
[0629/144707.037:WARNING:pe_image_reader.cc(302)] could not read dos header from C:\Windows\system32\MSASN1.dll
[0629/144707.037:ERROR:process_reader_win.cc(242)] ReadMemory at 0x7fff55090000 of 64 bytes failed: Somente uma parte de um pedido ReadProcessMemory ou WriteProcessMemory foi concluída. (0x12B)
[0629/144707.037:WARNING:pe_image_reader.cc(302)] could not read dos header from C:\Windows\SYSTEM32\WINNSI.DLL
[0629/144707.037:ERROR:process_reader_win.cc(242)] ReadMemory at 0x7fff52960000 of 64 bytes failed: Somente uma parte de um pedido ReadProcessMemory ou WriteProcessMemory foi concluída. (0x12B)
[0629/144707.037:WARNING:pe_image_reader.cc(302)] could not read dos header from C:\Windows\SYSTEM32\iertutil.dll
[0629/144707.037:ERROR:process_reader_win.cc(242)] ReadMemory at 0x7fff52630000 of 64 bytes failed: Somente uma parte de um pedido ReadProcessMemory ou WriteProcessMemory foi concluída. (0x12B)
[0629/144707.037:WARNING:pe_image_reader.cc(302)] could not read dos header from C:\Windows\SYSTEM32\WININET.dll
[0629/144707.037:ERROR:process_reader_win.cc(242)] ReadMemory at 0x7ff7cf450000 of 64 bytes failed: Somente uma parte de um pedido ReadProcessMemory ou WriteProcessMemory foi concluída. (0x12B)
[0629/144707.038:WARNING:pe_image_reader.cc(302)] could not read dos header from C:\Program Files (x86)\Google\Chrome\Application\chrome.exe
[0629/144707.038:ERROR:process_reader_win.cc(242)] ReadMemory at 0x7ff7cf450000 of 64 bytes failed: Somente uma parte de um pedido ReadProcessMemory ou WriteProcessMemory foi concluída. (0x12B)
[0629/144707.038:WARNING:pe_image_reader.cc(302)] could not read dos header from C:\Program Files (x86)\Google\Chrome\Application\chrome.exe
[0629/144707.038:ERROR:process_reader_win.cc(242)] ReadMemory at 0x7fff5d170000 of 64 bytes failed: Somente uma parte de um pedido ReadProcessMemory ou WriteProcessMemory foi concluída. (0x12B)
[0629/144707.038:WARNING:pe_image_reader.cc(302)] could not read dos header from C:\Windows\SYSTEM32\ntdll.dll
[0629/144707.038:ERROR:process_reader_win.cc(242)] ReadMemory at 0x7fff5d170000 of 64 bytes failed: Somente uma parte de um pedido ReadProcessMemory ou WriteProcessMemory foi concluída. (0x12B)
[0629/144707.038:WARNING:pe_image_reader.cc(302)] could not read dos header from C:\Windows\SYSTEM32\ntdll.dll
[0629/144707.038:ERROR:process_reader_win.cc(242)] ReadMemory at 0x7fff5cc60000 of 64 bytes failed: Somente uma parte de um pedido ReadProcessMemory ou WriteProcessMemory foi concluída. (0x12B)
[0629/144707.038:WARNING:pe_image_reader.cc(302)] could not read dos header from C:\Windows\system32\KERNEL32.DLL
[0629/144707.038:ERROR:process_reader_win.cc(242)] ReadMemory at 0x7fff5cc60000 of 64 bytes failed: Somente uma parte de um pedido ReadProcessMemory ou WriteProcessMemory foi concluída. (0x12B)
[0629/144707.038:WARNING:pe_image_reader.cc(302)] could not read dos header from C:\Windows\system32\KERNEL32.DLL
[0629/144707.038:ERROR:process_reader_win.cc(242)] ReadMemory at 0x7fff5a690000 of 64 bytes failed: Somente uma parte de um pedido ReadProcessMemory ou WriteProcessMemory foi concluída. (0x12B)
[0629/144707.038:WARNING:pe_image_reader.cc(302)] could not read dos header from C:\Windows\system32\KERNELBASE.dll
[0629/144707.038:ERROR:process_reader_win.cc(242)] ReadMemory at 0x7fff5a690000 of 64 bytes failed: Somente uma parte de um pedido ReadProcessMemory ou WriteProcessMemory foi concluída. (0x12B)
[0629/144707.038:WARNING:pe_image_reader.cc(302)] could not read dos header from C:\Windows\system32\KERNELBASE.dll
[0629/144707.038:ERROR:process_reader_win.cc(242)] ReadMemory at 0x7fff48470000 of 64 bytes failed: Somente uma parte de um pedido ReadProcessMemory ou WriteProcessMemory foi concluída. (0x12B)
[0629/144707.038:WARNING:pe_image_reader.cc(302)] could not read dos header from C:\Program Files (x86)\Google\Chrome\Application\67.0.3396.99\chrome_elf.dll
[0629/144707.038:ERROR:process_reader_win.cc(242)] ReadMemory at 0x7fff48470000 of 64 bytes failed: Somente uma parte de um pedido ReadProcessMemory ou WriteProcessMemory foi concluída. (0x12B)
[0629/144707.038:WARNING:pe_image_reader.cc(302)] could not read dos header from C:\Program Files (x86)\Google\Chrome\Application\67.0.3396.99\chrome_elf.dll
[0629/144707.038:ERROR:process_reader_win.cc(242)] ReadMemory at 0x7fff5ca00000 of 64 bytes failed: Somente uma parte de um pedido ReadProcessMemory ou WriteProcessMemory foi concluída. (0x12B)
[0629/144707.038:WARNING:pe_image_reader.cc(302)] could not read dos header from C:\Windows\system32\ADVAPI32.dll
[0629/144707.038:ERROR:process_reader_win.cc(242)] ReadMemory at 0x7fff5ca00000 of 64 bytes failed: Somente uma parte de um pedido ReadProcessMemory ou WriteProcessMemory foi concluída. (0x12B)
[0629/144707.039:WARNING:pe_image_reader.cc(302)] could not read dos header from C:\Windows\system32\ADVAPI32.dll
[0629/144707.039:ERROR:process_reader_win.cc(242)] ReadMemory at 0x7fff5c9e0000 of 64 bytes failed: Somente uma parte de um pedido ReadProcessMemory ou WriteProcessMemory foi concluída. (0x12B)
[0629/144707.039:WARNING:pe_image_reader.cc(302)] could not read dos header from C:\Windows\system32\PSAPI.DLL
[0629/144707.039:ERROR:process_reader_win.cc(242)] ReadMemory at 0x7fff5c9e0000 of 64 bytes failed: Somente uma parte de um pedido ReadProcessMemory ou WriteProcessMemory foi concluída. (0x12B)
[0629/144707.039:WARNING:pe_image_reader.cc(302)] could not read dos header from C:\Windows\system32\PSAPI.DLL
[0629/144707.039:ERROR:process_reader_win.cc(242)] ReadMemory at 0x7fff5adc0000 of 64 bytes failed: Somente uma parte de um pedido ReadProcessMemory ou WriteProcessMemory foi concluída. (0x12B)
[0629/144707.039:WARNING:pe_image_reader.cc(302)] could not read dos header from C:\Windows\system32\SHELL32.dll
[0629/144707.039:ERROR:process_reader_win.cc(242)] ReadMemory at 0x7fff5adc0000 of 64 bytes failed: Somente uma parte de um pedido ReadProcessMemory ou WriteProcessMemory foi concluída. (0x12B)
[0629/144707.039:WARNING:pe_image_reader.cc(302)] could not read dos header from C:\Windows\system32\SHELL32.dll
[0629/144707.039:ERROR:process_reader_win.cc(242)] ReadMemory at 0x7fff5c6b0000 of 64 bytes failed: Somente uma parte de um pedido ReadProcessMemory ou WriteProcessMemory foi concluída. (0x12B)
[0629/144707.039:WARNING:pe_image_reader.cc(302)] could not read dos header from C:\Windows\system32\SHLWAPI.dll
[0629/144707.039:ERROR:process_reader_win.cc(242)] ReadMemory at 0x7fff5c6b0000 of 64 bytes failed: Somente uma parte de um pedido ReadProcessMemory ou WriteProcessMemory foi concluída. (0x12B)
[0629/144707.039:WARNING:pe_image_reader.cc(302)] could not read dos header from C:\Windows\system32\SHLWAPI.dll
[0629/144707.039:ERROR:process_reader_win.cc(242)] ReadMemory at 0x7fff5c860000 of 64 bytes failed: Somente uma parte de um pedido ReadProcessMemory ou WriteProcessMemory foi concluída. (0x12B)
[0629/144707.039:WARNING:pe_image_reader.cc(302)] could not read dos header from C:\Windows\system32\USER32.dll
[0629/144707.039:ERROR:process_reader_win.cc(242)] ReadMemory at 0x7fff5c860000 of 64 bytes failed: Somente uma parte de um pedido ReadProcessMemory ou WriteProcessMemory foi concluída. (0x12B)
[0629/144707.039:WARNING:pe_image_reader.cc(302)] could not read dos header from C:\Windows\system32\USER32.dll
[0629/144707.039:ERROR:process_reader_win.cc(242)] ReadMemory at 0x7fff551d0000 of 64 bytes failed: Somente uma parte de um pedido ReadProcessMemory ou WriteProcessMemory foi concluída. (0x12B)
[0629/144707.039:WARNING:pe_image_reader.cc(302)] could not read dos header from C:\Windows\SYSTEM32\VERSION.dll
[0629/144707.039:ERROR:process_reader_win.cc(242)] ReadMemory at 0x7fff551d0000 of 64 bytes failed: Somente uma parte de um pedido ReadProcessMemory ou WriteProcessMemory foi concluída. (0x12B)
[0629/144707.039:WARNING:pe_image_reader.cc(302)] could not read dos header from C:\Windows\SYSTEM32\VERSION.dll
[0629/144707.040:ERROR:process_reader_win.cc(242)] ReadMemory at 0x7fff53390000 of 64 bytes failed: Somente uma parte de um pedido ReadProcessMemory ou WriteProcessMemory foi concluída. (0x12B)
[0629/144707.040:WARNING:pe_image_reader.cc(302)] could not read dos header from C:\Windows\SYSTEM32\WINMM.dll
[0629/144707.040:ERROR:process_reader_win.cc(242)] ReadMemory at 0x7fff53390000 of 64 bytes failed: Somente uma parte de um pedido ReadProcessMemory ou WriteProcessMemory foi concluída. (0x12B)
[0629/144707.040:WARNING:pe_image_reader.cc(302)] could not read dos header from C:\Windows\SYSTEM32\WINMM.dll
[0629/144707.040:ERROR:process_reader_win.cc(242)] ReadMemory at 0x7fff598e0000 of 64 bytes failed: Somente uma parte de um pedido ReadProcessMemory ou WriteProcessMemory foi concluída. (0x12B)
[0629/144707.040:WARNING:pe_image_reader.cc(302)] could not read dos header from C:\Windows\SYSTEM32\USERENV.dll
[0629/144707.040:ERROR:process_reader_win.cc(242)] ReadMemory at 0x7fff598e0000 of 64 bytes failed: Somente uma parte de um pedido ReadProcessMemory ou WriteProcessMemory foi concluída. (0x12B)
[0629/144707.040:WARNING:pe_image_reader.cc(302)] could not read dos header from C:\Windows\SYSTEM32\USERENV.dll
[0629/144707.040:ERROR:process_reader_win.cc(242)] ReadMemory at 0x7fff51f30000 of 64 bytes failed: Somente uma parte de um pedido ReadProcessMemory ou WriteProcessMemory foi concluída. (0x12B)
[0629/144707.040:WARNING:pe_image_reader.cc(302)] could not read dos header from C:\Windows\SYSTEM32\WINHTTP.dll
[0629/144707.040:ERROR:process_reader_win.cc(242)] ReadMemory at 0x7fff51f30000 of 64 bytes failed: Somente uma parte de um pedido ReadProcessMemory ou WriteProcessMemory foi concluída. (0x12B)
[0629/144707.040:WARNING:pe_image_reader.cc(302)] could not read dos header from C:\Windows\SYSTEM32\WINHTTP.dll
[0629/144707.040:ERROR:process_reader_win.cc(242)] ReadMemory at 0x7fff5a930000 of 64 bytes failed: Somente uma parte de um pedido ReadProcessMemory ou WriteProcessMemory foi concluída. (0x12B)
[0629/144707.040:WARNING:pe_image_reader.cc(302)] could not read dos header from C:\Windows\system32\msvcrt.dll
[0629/144707.040:ERROR:process_reader_win.cc(242)] ReadMemory at 0x7fff5a930000 of 64 bytes failed: Somente uma parte de um pedido ReadProcessMemory ou WriteProcessMemory foi concluída. (0x12B)
[0629/144707.040:WARNING:pe_image_reader.cc(302)] could not read dos header from C:\Windows\system32\msvcrt.dll
[0629/144707.040:ERROR:process_reader_win.cc(242)] ReadMemory at 0x7fff5a9e0000 of 64 bytes failed: Somente uma parte de um pedido ReadProcessMemory ou WriteProcessMemory foi concluída. (0x12B)
[0629/144707.040:WARNING:pe_image_reader.cc(302)] could not read dos header from C:\Windows\SYSTEM32\sechost.dll
[0629/144707.040:ERROR:process_reader_win.cc(242)] ReadMemory at 0x7fff5a9e0000 of 64 bytes failed: Somente uma parte de um pedido ReadProcessMemory ou WriteProcessMemory foi concluída. (0x12B)
[0629/144707.040:WARNING:pe_image_reader.cc(302)] could not read dos header from C:\Windows\SYSTEM32\sechost.dll
[0629/144707.040:ERROR:process_reader_win.cc(242)] ReadMemory at 0x4461980000 of 64 bytes failed: Somente uma parte de um pedido ReadProcessMemory ou WriteProcessMemory foi concluída. (0x12B)
[0629/144707.041:WARNING:pe_image_reader.cc(302)] could not read dos header from C:\Windows\system32\RPCRT4.dll
[0629/144707.041:ERROR:process_reader_win.cc(242)] ReadMemory at 0x4461980000 of 64 bytes failed: Somente uma parte de um pedido ReadProcessMemory ou WriteProcessMemory foi concluída. (0x12B)
[0629/144707.041:WARNING:pe_image_reader.cc(302)] could not read dos header from C:\Windows\system32\RPCRT4.dll
[0629/144707.041:ERROR:process_reader_win.cc(242)] ReadMemory at 0x7fff5c490000 of 64 bytes failed: Somente uma parte de um pedido ReadProcessMemory ou WriteProcessMemory foi concluída. (0x12B)
[0629/144707.041:WARNING:pe_image_reader.cc(302)] could not read dos header from C:\Windows\SYSTEM32\combase.dll
[0629/144707.041:ERROR:process_reader_win.cc(242)] ReadMemory at 0x7fff5c490000 of 64 bytes failed: Somente uma parte de um pedido ReadProcessMemory ou WriteProcessMemory foi concluída. (0x12B)
[0629/144707.041:WARNING:pe_image_reader.cc(302)] could not read dos header from C:\Windows\SYSTEM32\combase.dll
[0629/144707.041:ERROR:process_reader_win.cc(242)] ReadMemory at 0x7fff5c710000 of 64 bytes failed: Somente uma parte de um pedido ReadProcessMemory ou WriteProcessMemory foi concluída. (0x12B)
[0629/144707.041:WARNING:pe_image_reader.cc(302)] could not read dos header from C:\Windows\system32\GDI32.dll
[0629/144707.041:ERROR:process_reader_win.cc(242)] ReadMemory at 0x7fff5c710000 of 64 bytes failed: Somente uma parte de um pedido ReadProcessMemory ou WriteProcessMemory foi concluída. (0x12B)
[0629/144707.041:WARNING:pe_image_reader.cc(302)] could not read dos header from C:\Windows\system32\GDI32.dll
[0629/144707.041:ERROR:process_reader_win.cc(242)] ReadMemory at 0x7fff53360000 of 64 bytes failed: Somente uma parte de um pedido ReadProcessMemory ou WriteProcessMemory foi concluída. (0x12B)
[0629/144707.041:WARNING:pe_image_reader.cc(302)] could not read dos header from C:\Windows\SYSTEM32\WINMMBASE.dll
[0629/144707.041:ERROR:process_reader_win.cc(242)] ReadMemory at 0x7fff53360000 of 64 bytes failed: Somente uma parte de um pedido ReadProcessMemory ou WriteProcessMemory foi concluída. (0x12B)
[0629/144707.041:WARNING:pe_image_reader.cc(302)] could not read dos header from C:\Windows\SYSTEM32\WINMMBASE.dll
[0629/144707.041:ERROR:process_reader_win.cc(242)] ReadMemory at 0x7fff5a2a0000 of 64 bytes failed: Somente uma parte de um pedido ReadProcessMemory ou WriteProcessMemory foi concluída. (0x12B)
[0629/144707.041:WARNING:pe_image_reader.cc(302)] could not read dos header from C:\Windows\SYSTEM32\profapi.dll
[0629/144707.041:ERROR:process_reader_win.cc(242)] ReadMemory at 0x7fff5a2a0000 of 64 bytes failed: Somente uma parte de um pedido ReadProcessMemory ou WriteProcessMemory foi concluída. (0x12B)
[0629/144707.041:WARNING:pe_image_reader.cc(302)] could not read dos header from C:\Windows\SYSTEM32\profapi.dll
[0629/144707.041:ERROR:process_reader_win.cc(242)] ReadMemory at 0x7fff5a600000 of 64 bytes failed: Somente uma parte de um pedido ReadProcessMemory ou WriteProcessMemory foi concluída. (0x12B)
[0629/144707.041:WARNING:pe_image_reader.cc(302)] could not read dos header from C:\Windows\system32\SspiCli.dll
[0629/144707.042:ERROR:process_reader_win.cc(242)] ReadMemory at 0x7fff5a600000 of 64 bytes failed: Somente uma parte de um pedido ReadProcessMemory ou WriteProcessMemory foi concluída. (0x12B)
[0629/144707.042:WARNING:pe_image_reader.cc(302)] could not read dos header from C:\Windows\system32\SspiCli.dll
[0629/144707.042:ERROR:process_reader_win.cc(242)] ReadMemory at 0x7fff5a7b0000 of 64 bytes failed: Somente uma parte de um pedido ReadProcessMemory ou WriteProcessMemory foi concluída. (0x12B)
[0629/144707.042:WARNING:pe_image_reader.cc(302)] could not read dos header from C:\Windows\SYSTEM32\cfgmgr32.dll
[0629/144707.042:ERROR:process_reader_win.cc(242)] ReadMemory at 0x7fff5a7b0000 of 64 bytes failed: Somente uma parte de um pedido ReadProcessMemory ou WriteProcessMemory foi concluída. (0x12B)
[0629/144707.042:WARNING:pe_image_reader.cc(302)] could not read dos header from C:\Windows\SYSTEM32\cfgmgr32.dll
[0629/144707.042:ERROR:process_reader_win.cc(242)] ReadMemory at 0x7fff590c0000 of 64 bytes failed: Somente uma parte de um pedido ReadProcessMemory ou WriteProcessMemory foi concluída. (0x12B)
[0629/144707.042:WARNING:pe_image_reader.cc(302)] could not read dos header from C:\Windows\SYSTEM32\DEVOBJ.dll
[0629/144707.042:ERROR:process_reader_win.cc(242)] ReadMemory at 0x7fff590c0000 of 64 bytes failed: Somente uma parte de um pedido ReadProcessMemory ou WriteProcessMemory foi concluída. (0x12B)
[0629/144707.042:WARNING:pe_image_reader.cc(302)] could not read dos header from C:\Windows\SYSTEM32\DEVOBJ.dll
[0629/144707.042:ERROR:process_reader_win.cc(242)] ReadMemory at 0x7fff5a1e0000 of 64 bytes failed: Somente uma parte de um pedido ReadProcessMemory ou WriteProcessMemory foi concluída. (0x12B)
[0629/144707.042:WARNING:pe_image_reader.cc(302)] could not read dos header from C:\Windows\SYSTEM32\CRYPTBASE.DLL
[0629/144707.042:ERROR:process_reader_win.cc(242)] ReadMemory at 0x7fff5a1e0000 of 64 bytes failed: Somente uma parte de um pedido ReadProcessMemory ou WriteProcessMemory foi concluída. (0x12B)
[0629/144707.042:WARNING:pe_image_reader.cc(302)] could not read dos header from C:\Windows\SYSTEM32\CRYPTBASE.DLL
[0629/144707.042:ERROR:process_reader_win.cc(242)] ReadMemory at 0x7fff5a170000 of 64 bytes failed: Somente uma parte de um pedido ReadProcessMemory ou WriteProcessMemory foi concluída. (0x12B)
[0629/144707.042:WARNING:pe_image_reader.cc(302)] could not read dos header from C:\Windows\SYSTEM32\bcryptPrimitives.dll
[0629/144707.042:ERROR:process_reader_win.cc(242)] ReadMemory at 0x7fff5a170000 of 64 bytes failed: Somente uma parte de um pedido ReadProcessMemory ou WriteProcessMemory foi concluída. (0x12B)
[0629/144707.043:WARNING:pe_image_reader.cc(302)] could not read dos header from C:\Windows\SYSTEM32\bcryptPrimitives.dll
[0629/144707.043:ERROR:process_reader_win.cc(242)] ReadMemory at 0x7fff5c2f0000 of 64 bytes failed: Somente uma parte de um pedido ReadProcessMemory ou WriteProcessMemory foi concluída. (0x12B)
[0629/144707.043:WARNING:pe_image_reader.cc(302)] could not read dos header from C:\Windows\system32\IMM32.DLL
[0629/144707.043:ERROR:process_reader_win.cc(242)] ReadMemory at 0x7fff5c2f0000 of 64 bytes failed: Somente uma parte de um pedido ReadProcessMemory ou WriteProcessMemory foi concluída. (0x12B)
[0629/144707.043:WARNING:pe_image_reader.cc(302)] could not read dos header from C:\Windows\system32\IMM32.DLL
[0629/144707.043:ERROR:process_reader_win.cc(242)] ReadMemory at 0x7fff5c330000 of 64 bytes failed: Somente uma parte de um pedido ReadProcessMemory ou WriteProcessMemory foi concluída. (0x12B)
[0629/144707.043:WARNING:pe_image_reader.cc(302)] could not read dos header from C:\Windows\system32\MSCTF.dll
[0629/144707.043:ERROR:process_reader_win.cc(242)] ReadMemory at 0x7fff5c330000 of 64 bytes failed: Somente uma parte de um pedido ReadProcessMemory ou WriteProcessMemory foi concluída. (0x12B)
[0629/144707.043:WARNING:pe_image_reader.cc(302)] could not read dos header from C:\Windows\system32\MSCTF.dll
[0629/144707.043:ERROR:process_reader_win.cc(242)] ReadMemory at 0x7fff45e50000 of 64 bytes failed: Somente uma parte de um pedido ReadProcessMemory ou WriteProcessMemory foi concluída. (0x12B)
[0629/144707.043:WARNING:pe_image_reader.cc(302)] could not read dos header from C:\Program Files\Diebold\Warsaw\wslbdhm64.dll
[0629/144707.043:ERROR:process_reader_win.cc(242)] ReadMemory at 0x7fff45e50000 of 64 bytes failed: Somente uma parte de um pedido ReadProcessMemory ou WriteProcessMemory foi concluída. (0x12B)
[0629/144707.043:WARNING:pe_image_reader.cc(302)] could not read dos header from C:\Program Files\Diebold\Warsaw\wslbdhm64.dll
[0629/144707.043:ERROR:process_reader_win.cc(242)] ReadMemory at 0x7fff5cc00000 of 64 bytes failed: Somente uma parte de um pedido ReadProcessMemory ou WriteProcessMemory foi concluída. (0x12B)
[0629/144707.043:WARNING:pe_image_reader.cc(302)] could not read dos header from C:\Windows\system32\WS2_32.dll
[0629/144707.043:ERROR:process_reader_win.cc(242)] ReadMemory at 0x7fff5cc00000 of 64 bytes failed: Somente uma parte de um pedido ReadProcessMemory ou WriteProcessMemory foi concluída. (0x12B)
[0629/144707.043:WARNING:pe_image_reader.cc(302)] could not read dos header from C:\Windows\system32\WS2_32.dll
[0629/144707.043:ERROR:process_reader_win.cc(242)] ReadMemory at 0x7fff5d160000 of 64 bytes failed: Somente uma parte de um pedido ReadProcessMemory ou WriteProcessMemory foi concluída. (0x12B)
[0629/144707.043:WARNING:pe_image_reader.cc(302)] could not read dos header from C:\Windows\system32\NSI.dll
[0629/144707.043:ERROR:process_reader_win.cc(242)] ReadMemory at 0x7fff5d160000 of 64 bytes failed: Somente uma parte de um pedido ReadProcessMemory ou WriteProcessMemory foi concluída. (0x12B)
[0629/144707.044:WARNING:pe_image_reader.cc(302)] could not read dos header from C:\Windows\system32\NSI.dll
[0629/144707.044:ERROR:process_reader_win.cc(242)] ReadMemory at 0x7fff538c0000 of 64 bytes failed: Somente uma parte de um pedido ReadProcessMemory ou WriteProcessMemory foi concluída. (0x12B)
[0629/144707.044:WARNING:pe_image_reader.cc(302)] could not read dos header from C:\Windows\SYSTEM32\ntmarta.dll
[0629/144707.044:ERROR:process_reader_win.cc(242)] ReadMemory at 0x7fff538c0000 of 64 bytes failed: Somente uma parte de um pedido ReadProcessMemory ou WriteProcessMemory foi concluída. (0x12B)
[0629/144707.044:WARNING:pe_image_reader.cc(302)] could not read dos header from C:\Windows\SYSTEM32\ntmarta.dll
[0629/144707.044:ERROR:process_reader_win.cc(242)] ReadMemory at 0x7fff476c0000 of 64 bytes failed: Somente uma parte de um pedido ReadProcessMemory ou WriteProcessMemory foi concluída. (0x12B)
[0629/144707.044:WARNING:pe_image_reader.cc(302)] could not read dos header from C:\Program Files\Diebold\Warsaw\wslbscrwh64.dll
[0629/144707.044:ERROR:process_reader_win.cc(242)] ReadMemory at 0x7fff476c0000 of 64 bytes failed: Somente uma parte de um pedido ReadProcessMemory ou WriteProcessMemory foi concluída. (0x12B)
[0629/144707.044:WARNING:pe_image_reader.cc(302)] could not read dos header from C:\Program Files\Diebold\Warsaw\wslbscrwh64.dll
[0629/144707.044:ERROR:process_reader_win.cc(242)] ReadMemory at 0x7fff58520000 of 64 bytes failed: Somente uma parte de um pedido ReadProcessMemory ou WriteProcessMemory foi concluída. (0x12B)
[0629/144707.044:WARNING:pe_image_reader.cc(302)] could not read dos header from C:\Windows\SYSTEM32\shcore.dll
[0629/144707.044:ERROR:process_reader_win.cc(242)] ReadMemory at 0x7fff58520000 of 64 bytes failed: Somente uma parte de um pedido ReadProcessMemory ou WriteProcessMemory foi concluída. (0x12B)
[0629/144707.044:WARNING:pe_image_reader.cc(302)] could not read dos header from C:\Windows\SYSTEM32\shcore.dll
[0629/144707.044:ERROR:process_reader_win.cc(242)] ReadMemory at 0x7fff1f830000 of 64 bytes failed: Somente uma parte de um pedido ReadProcessMemory ou WriteProcessMemory foi concluída. (0x12B)
[0629/144707.044:WARNING:pe_image_reader.cc(302)] could not read dos header from C:\Program Files (x86)\Google\Chrome\Application\67.0.3396.99\chrome_child.dll
[0629/144707.044:ERROR:process_reader_win.cc(242)] ReadMemory at 0x7fff1f830000 of 64 bytes failed: Somente uma parte de um pedido ReadProcessMemory ou WriteProcessMemory foi concluída. (0x12B)
[0629/144707.044:WARNING:pe_image_reader.cc(302)] could not read dos header from C:\Program Files (x86)\Google\Chrome\Application\67.0.3396.99\chrome_child.dll
[0629/144707.044:ERROR:process_reader_win.cc(242)] ReadMemory at 0x7fff5d0a0000 of 64 bytes failed: Somente uma parte de um pedido ReadProcessMemory ou WriteProcessMemory foi concluída. (0x12B)
[0629/144707.044:WARNING:pe_image_reader.cc(302)] could not read dos header from C:\Windows\system32\COMDLG32.dll
[0629/144707.044:ERROR:process_reader_win.cc(242)] ReadMemory at 0x7fff5d0a0000 of 64 bytes failed: Somente uma parte de um pedido ReadProcessMemory ou WriteProcessMemory foi concluída. (0x12B)
[0629/144707.044:WARNING:pe_image_reader.cc(302)] could not read dos header from C:\Windows\system32\COMDLG32.dll
[0629/144707.045:ERROR:process_reader_win.cc(242)] ReadMemory at 0x4461e10000 of 64 bytes failed: Somente uma parte de um pedido ReadProcessMemory ou WriteProcessMemory foi concluída. (0x12B)
[0629/144707.045:WARNING:pe_image_reader.cc(302)] could not read dos header from C:\Windows\system32\OLEAUT32.dll
[0629/144707.045:ERROR:process_reader_win.cc(242)] ReadMemory at 0x4461e10000 of 64 bytes failed: Somente uma parte de um pedido ReadProcessMemory ou WriteProcessMemory foi concluída. (0x12B)
[0629/144707.045:WARNING:pe_image_reader.cc(302)] could not read dos header from C:\Windows\system32\OLEAUT32.dll
[0629/144707.045:ERROR:process_reader_win.cc(242)] ReadMemory at 0x7fff5ac20000 of 64 bytes failed: Somente uma parte de um pedido ReadProcessMemory ou WriteProcessMemory foi concluída. (0x12B)
[0629/144707.045:WARNING:pe_image_reader.cc(302)] could not read dos header from C:\Windows\system32\ole32.dll
[0629/144707.045:ERROR:process_reader_win.cc(242)] ReadMemory at 0x7fff5ac20000 of 64 bytes failed: Somente uma parte de um pedido ReadProcessMemory ou WriteProcessMemory foi concluída. (0x12B)
[0629/144707.045:WARNING:pe_image_reader.cc(302)] could not read dos header from C:\Windows\system32\ole32.dll
[0629/144707.045:ERROR:process_reader_win.cc(242)] ReadMemory at 0x7fff55cb0000 of 64 bytes failed: Somente uma parte de um pedido ReadProcessMemory ou WriteProcessMemory foi concluída. (0x12B)
[0629/144707.045:WARNING:pe_image_reader.cc(302)] could not read dos header from C:\Windows\SYSTEM32\Secur32.dll
[0629/144707.045:ERROR:process_reader_win.cc(242)] ReadMemory at 0x7fff55cb0000 of 64 bytes failed: Somente uma parte de um pedido ReadProcessMemory ou WriteProcessMemory foi concluída. (0x12B)
[0629/144707.045:WARNING:pe_image_reader.cc(302)] could not read dos header from C:\Windows\SYSTEM32\Secur32.dll
[0629/144707.045:ERROR:process_reader_win.cc(242)] ReadMemory at 0x7fff5a630000 of 64 bytes failed: Somente uma parte de um pedido ReadProcessMemory ou WriteProcessMemory foi concluída. (0x12B)
[0629/144707.045:WARNING:pe_image_reader.cc(302)] could not read dos header from C:\Windows\system32\WINTRUST.dll
[0629/144707.045:ERROR:process_reader_win.cc(242)] ReadMemory at 0x7fff5a630000 of 64 bytes failed: Somente uma parte de um pedido ReadProcessMemory ou WriteProcessMemory foi concluída. (0x12B)
[0629/144707.045:WARNING:pe_image_reader.cc(302)] could not read dos header from C:\Windows\system32\WINTRUST.dll
[0629/144707.045:ERROR:process_reader_win.cc(242)] ReadMemory at 0x7fff4c5e0000 of 64 bytes failed: Somente uma parte de um pedido ReadProcessMemory ou WriteProcessMemory foi concluída. (0x12B)
[0629/144707.045:WARNING:pe_image_reader.cc(302)] could not read dos header from C:\Windows\SYSTEM32\dbghelp.dll
[0629/144707.045:ERROR:process_reader_win.cc(242)] ReadMemory at 0x7fff4c5e0000 of 64 bytes failed: Somente uma parte de um pedido ReadProcessMemory ou WriteProcessMemory foi concluída. (0x12B)
[0629/144707.045:WARNING:pe_image_reader.cc(302)] could not read dos header from C:\Windows\SYSTEM32\dbghelp.dll
[0629/144707.045:ERROR:process_reader_win.cc(242)] ReadMemory at 0x7fff53e70000 of 64 bytes failed: Somente uma parte de um pedido ReadProcessMemory ou WriteProcessMemory foi concluída. (0x12B)
[0629/144707.046:WARNING:pe_image_reader.cc(302)] could not read dos header from C:\Windows\SYSTEM32\USP10.dll
[0629/144707.046:ERROR:process_reader_win.cc(242)] ReadMemory at 0x7fff53e70000 of 64 bytes failed: Somente uma parte de um pedido ReadProcessMemory ou WriteProcessMemory foi concluída. (0x12B)
[0629/144707.046:WARNING:pe_image_reader.cc(302)] could not read dos header from C:\Windows\SYSTEM32\USP10.dll
[0629/144707.046:ERROR:process_reader_win.cc(242)] ReadMemory at 0x7fff55130000 of 64 bytes failed: Somente uma parte de um pedido ReadProcessMemory ou WriteProcessMemory foi concluída. (0x12B)
[0629/144707.046:WARNING:pe_image_reader.cc(302)] could not read dos header from C:\Windows\SYSTEM32\WINSPOOL.DRV
[0629/144707.046:ERROR:process_reader_win.cc(242)] ReadMemory at 0x7fff55130000 of 64 bytes failed: Somente uma parte de um pedido ReadProcessMemory ou WriteProcessMemory foi concluída. (0x12B)
[0629/144707.046:WARNING:pe_image_reader.cc(302)] could not read dos header from C:\Windows\SYSTEM32\WINSPOOL.DRV
[0629/144707.046:ERROR:process_reader_win.cc(242)] ReadMemory at 0x7fff5a420000 of 64 bytes failed: Somente uma parte de um pedido ReadProcessMemory ou WriteProcessMemory foi concluída. (0x12B)
[0629/144707.046:WARNING:pe_image_reader.cc(302)] could not read dos header from C:\Windows\system32\CRYPT32.dll
[0629/144707.046:ERROR:process_reader_win.cc(242)] ReadMemory at 0x7fff5a420000 of 64 bytes failed: Somente uma parte de um pedido ReadProcessMemory ou WriteProcessMemory foi concluída. (0x12B)
[0629/144707.046:WARNING:pe_image_reader.cc(302)] could not read dos header from C:\Windows\system32\CRYPT32.dll
[0629/144707.046:ERROR:process_reader_win.cc(242)] ReadMemory at 0x7fff55030000 of 64 bytes failed: Somente uma parte de um pedido ReadProcessMemory ou WriteProcessMemory foi concluída. (0x12B)
[0629/144707.046:WARNING:pe_image_reader.cc(302)] could not read dos header from C:\Windows\SYSTEM32\IPHLPAPI.DLL
[0629/144707.046:ERROR:process_reader_win.cc(242)] ReadMemory at 0x7fff55030000 of 64 bytes failed: Somente uma parte de um pedido ReadProcessMemory ou WriteProcessMemory foi concluída. (0x12B)
[0629/144707.046:WARNING:pe_image_reader.cc(302)] could not read dos header from C:\Windows\SYSTEM32\IPHLPAPI.DLL
[0629/144707.046:ERROR:process_reader_win.cc(242)] ReadMemory at 0x7fff52c30000 of 64 bytes failed: Somente uma parte de um pedido ReadProcessMemory ou WriteProcessMemory foi concluída. (0x12B)
[0629/144707.046:WARNING:pe_image_reader.cc(302)] could not read dos header from C:\Windows\SYSTEM32\urlmon.dll
[0629/144707.046:ERROR:process_reader_win.cc(242)] ReadMemory at 0x7fff52c30000 of 64 bytes failed: Somente uma parte de um pedido ReadProcessMemory ou WriteProcessMemory foi concluída. (0x12B)
[0629/144707.046:WARNING:pe_image_reader.cc(302)] could not read dos header from C:\Windows\SYSTEM32\urlmon.dll
[0629/144707.046:ERROR:process_reader_win.cc(242)] ReadMemory at 0x7fff56010000 of 64 bytes failed: Somente uma parte de um pedido ReadProcessMemory ou WriteProcessMemory foi concluída. (0x12B)
[0629/144707.046:WARNING:pe_image_reader.cc(302)] could not read dos header from C:\Windows\SYSTEM32\DWrite.dll
[0629/144707.046:ERROR:process_reader_win.cc(242)] ReadMemory at 0x7fff56010000 of 64 bytes failed: Somente uma parte de um pedido ReadProcessMemory ou WriteProcessMemory foi concluída. (0x12B)
[0629/144707.046:WARNING:pe_image_reader.cc(302)] could not read dos header from C:\Windows\SYSTEM32\DWrite.dll
[0629/144707.046:ERROR:process_reader_win.cc(242)] ReadMemory at 0x7fff578e0000 of 64 bytes failed: Somente uma parte de um pedido ReadProcessMemory ou WriteProcessMemory foi concluída. (0x12B)
[0629/144707.046:WARNING:pe_image_reader.cc(302)] could not read dos header from C:\Windows\SYSTEM32\dxgi.dll
[0629/144707.046:ERROR:process_reader_win.cc(242)] ReadMemory at 0x7fff578e0000 of 64 bytes failed: Somente uma parte de um pedido ReadProcessMemory ou WriteProcessMemory foi concluída. (0x12B)
[0629/144707.046:WARNING:pe_image_reader.cc(302)] could not read dos header from C:\Windows\SYSTEM32\dxgi.dll
[0629/144707.046:ERROR:process_reader_win.cc(242)] ReadMemory at 0x7fff54b50000 of 64 bytes failed: Somente uma parte de um pedido ReadProcessMemory ou WriteProcessMemory foi concluída. (0x12B)
[0629/144707.046:WARNING:pe_image_reader.cc(302)] could not read dos header from C:\Windows\SYSTEM32\dhcpcsvc.DLL
[0629/144707.046:ERROR:process_reader_win.cc(242)] ReadMemory at 0x7fff54b50000 of 64 bytes failed: Somente uma parte de um pedido ReadProcessMemory ou WriteProcessMemory foi concluída. (0x12B)
[0629/144707.046:WARNING:pe_image_reader.cc(302)] could not read dos header from C:\Windows\SYSTEM32\dhcpcsvc.DLL
[0629/144707.046:ERROR:process_reader_win.cc(242)] ReadMemory at 0x7fff56640000 of 64 bytes failed: Somente uma parte de um pedido ReadProcessMemory ou WriteProcessMemory foi concluída. (0x12B)
[0629/144707.047:WARNING:pe_image_reader.cc(302)] could not read dos header from C:\Windows\WinSxS\amd64_microsoft.windows.common-controls_6595b64144ccf1df_6.0.9600.18006_none_623f33d3ecbe86e8\COMCTL32.dll
[0629/144707.047:ERROR:process_reader_win.cc(242)] ReadMemory at 0x7fff56640000 of 64 bytes failed: Somente uma parte de um pedido ReadProcessMemory ou WriteProcessMemory foi concluída. (0x12B)
[0629/144707.047:WARNING:pe_image_reader.cc(302)] could not read dos header from C:\Windows\WinSxS\amd64_microsoft.windows.common-controls_6595b64144ccf1df_6.0.9600.18006_none_623f33d3ecbe86e8\COMCTL32.dll
[0629/144707.047:ERROR:process_reader_win.cc(242)] ReadMemory at 0x7fff5a350000 of 64 bytes failed: Somente uma parte de um pedido ReadProcessMemory ou WriteProcessMemory foi concluída. (0x12B)
[0629/144707.047:WARNING:pe_image_reader.cc(302)] could not read dos header from C:\Windows\system32\MSASN1.dll
[0629/144707.047:ERROR:process_reader_win.cc(242)] ReadMemory at 0x7fff5a350000 of 64 bytes failed: Somente uma parte de um pedido ReadProcessMemory ou WriteProcessMemory foi concluída. (0x12B)
[0629/144707.047:WARNING:pe_image_reader.cc(302)] could not read dos header from C:\Windows\system32\MSASN1.dll
[0629/144707.047:ERROR:process_reader_win.cc(242)] ReadMemory at 0x7fff55090000 of 64 bytes failed: Somente uma parte de um pedido ReadProcessMemory ou WriteProcessMemory foi concluída. (0x12B)
[0629/144707.047:WARNING:pe_image_reader.cc(302)] could not read dos header from C:\Windows\SYSTEM32\WINNSI.DLL
[0629/144707.047:ERROR:process_reader_win.cc(242)] ReadMemory at 0x7fff55090000 of 64 bytes failed: Somente uma parte de um pedido ReadProcessMemory ou WriteProcessMemory foi concluída. (0x12B)
[0629/144707.047:WARNING:pe_image_reader.cc(302)] could not read dos header from C:\Windows\SYSTEM32\WINNSI.DLL
[0629/144707.047:ERROR:process_reader_win.cc(242)] ReadMemory at 0x7fff52960000 of 64 bytes failed: Somente uma parte de um pedido ReadProcessMemory ou WriteProcessMemory foi concluída. (0x12B)
[0629/144707.047:WARNING:pe_image_reader.cc(302)] could not read dos header from C:\Windows\SYSTEM32\iertutil.dll
[0629/144707.047:ERROR:process_reader_win.cc(242)] ReadMemory at 0x7fff52960000 of 64 bytes failed: Somente uma parte de um pedido ReadProcessMemory ou WriteProcessMemory foi concluída. (0x12B)
[0629/144707.047:WARNING:pe_image_reader.cc(302)] could not read dos header from C:\Windows\SYSTEM32\iertutil.dll
[0629/144707.047:ERROR:process_reader_win.cc(242)] ReadMemory at 0x7fff52630000 of 64 bytes failed: Somente uma parte de um pedido ReadProcessMemory ou WriteProcessMemory foi concluída. (0x12B)
[0629/144707.047:WARNING:pe_image_reader.cc(302)] could not read dos header from C:\Windows\SYSTEM32\WININET.dll
[0629/144707.047:ERROR:process_reader_win.cc(242)] ReadMemory at 0x7fff52630000 of 64 bytes failed: Somente uma parte de um pedido ReadProcessMemory ou WriteProcessMemory foi concluída. (0x12B)
[0629/144707.047:WARNING:pe_image_reader.cc(302)] could not read dos header from C:\Windows\SYSTEM32\WININET.dll
[0629/144713.925:ERROR:process_reader_win.cc(242)] ReadMemory at 0x7ff7cf450000 of 64 bytes failed: Somente uma parte de um pedido ReadProcessMemory ou WriteProcessMemory foi concluída. (0x12B)
[0629/144713.925:WARNING:pe_image_reader.cc(302)] could not read dos header from C:\Program Files (x86)\Google\Chrome\Application\chrome.exe
[0629/144713.925:ERROR:process_reader_win.cc(242)] ReadMemory at 0x7fff5d170000 of 64 bytes failed: Somente uma parte de um pedido ReadProcessMemory ou WriteProcessMemory foi concluída. (0x12B)
[0629/144713.926:WARNING:pe_image_reader.cc(302)] could not read dos header from C:\Windows\SYSTEM32\ntdll.dll
[0629/144713.926:ERROR:process_reader_win.cc(242)] ReadMemory at 0x7fff5cc60000 of 64 bytes failed: Somente uma parte de um pedido ReadProcessMemory ou WriteProcessMemory foi concluída. (0x12B)
[0629/144713.926:WARNING:pe_image_reader.cc(302)] could not read dos header from C:\Windows\system32\KERNEL32.DLL
[0629/144713.926:ERROR:process_reader_win.cc(242)] ReadMemory at 0x7fff5a690000 of 64 bytes failed: Somente uma parte de um pedido ReadProcessMemory ou WriteProcessMemory foi concluída. (0x12B)
[0629/144713.926:WARNING:pe_image_reader.cc(302)] could not read dos header from C:\Windows\system32\KERNELBASE.dll
[0629/144713.926:ERROR:process_reader_win.cc(242)] ReadMemory at 0x7fff48470000 of 64 bytes failed: Somente uma parte de um pedido ReadProcessMemory ou WriteProcessMemory foi concluída. (0x12B)
[0629/144713.926:WARNING:pe_image_reader.cc(302)] could not read dos header from C:\Program Files (x86)\Google\Chrome\Application\67.0.3396.99\chrome_elf.dll
[0629/144713.926:ERROR:process_reader_win.cc(242)] ReadMemory at 0x7fff5ca00000 of 64 bytes failed: Somente uma parte de um pedido ReadProcessMemory ou WriteProcessMemory foi concluída. (0x12B)
[0629/144713.926:WARNING:pe_image_reader.cc(302)] could not read dos header from C:\Windows\system32\ADVAPI32.dll
[0629/144713.926:ERROR:process_reader_win.cc(242)] ReadMemory at 0x7fff5c9e0000 of 64 bytes failed: Somente uma parte de um pedido ReadProcessMemory ou WriteProcessMemory foi concluída. (0x12B)
[0629/144713.926:WARNING:pe_image_reader.cc(302)] could not read dos header from C:\Windows\system32\PSAPI.DLL
[0629/144713.926:ERROR:process_reader_win.cc(242)] ReadMemory at 0x7fff5adc0000 of 64 bytes failed: Somente uma parte de um pedido ReadProcessMemory ou WriteProcessMemory foi concluída. (0x12B)
[0629/144713.926:WARNING:pe_image_reader.cc(302)] could not read dos header from C:\Windows\system32\SHELL32.dll
[0629/144713.926:ERROR:process_reader_win.cc(242)] ReadMemory at 0x7fff5c6b0000 of 64 bytes failed: Somente uma parte de um pedido ReadProcessMemory ou WriteProcessMemory foi concluída. (0x12B)
[0629/144713.926:WARNING:pe_image_reader.cc(302)] could not read dos header from C:\Windows\system32\SHLWAPI.dll
[0629/144713.926:ERROR:process_reader_win.cc(242)] ReadMemory at 0x7fff5c860000 of 64 bytes failed: Somente uma parte de um pedido ReadProcessMemory ou WriteProcessMemory foi concluída. (0x12B)
[0629/144713.926:WARNING:pe_image_reader.cc(302)] could not read dos header from C:\Windows\system32\USER32.dll
[0629/144713.926:ERROR:process_reader_win.cc(242)] ReadMemory at 0x7fff551d0000 of 64 bytes failed: Somente uma parte de um pedido ReadProcessMemory ou WriteProcessMemory foi concluída. (0x12B)
[0629/144713.927:WARNING:pe_image_reader.cc(302)] could not read dos header from C:\Windows\SYSTEM32\VERSION.dll
[0629/144713.927:ERROR:process_reader_win.cc(242)] ReadMemory at 0x7fff53390000 of 64 bytes failed: Somente uma parte de um pedido ReadProcessMemory ou WriteProcessMemory foi concluída. (0x12B)
[0629/144713.927:WARNING:pe_image_reader.cc(302)] could not read dos header from C:\Windows\SYSTEM32\WINMM.dll
[0629/144713.927:ERROR:process_reader_win.cc(242)] ReadMemory at 0x7fff598e0000 of 64 bytes failed: Somente uma parte de um pedido ReadProcessMemory ou WriteProcessMemory foi concluída. (0x12B)
[0629/144713.927:WARNING:pe_image_reader.cc(302)] could not read dos header from C:\Windows\SYSTEM32\USERENV.dll
[0629/144713.927:ERROR:process_reader_win.cc(242)] ReadMemory at 0x7fff51f30000 of 64 bytes failed: Somente uma parte de um pedido ReadProcessMemory ou WriteProcessMemory foi concluída. (0x12B)
[0629/144713.927:WARNING:pe_image_reader.cc(302)] could not read dos header from C:\Windows\SYSTEM32\WINHTTP.dll
[0629/144713.927:ERROR:process_reader_win.cc(242)] ReadMemory at 0x7fff5a930000 of 64 bytes failed: Somente uma parte de um pedido ReadProcessMemory ou WriteProcessMemory foi concluída. (0x12B)
[0629/144713.927:WARNING:pe_image_reader.cc(302)] could not read dos header from C:\Windows\system32\msvcrt.dll
[0629/144713.927:ERROR:process_reader_win.cc(242)] ReadMemory at 0x7fff5a9e0000 of 64 bytes failed: Somente uma parte de um pedido ReadProcessMemory ou WriteProcessMemory foi concluída. (0x12B)
[0629/144713.927:WARNING:pe_image_reader.cc(302)] could not read dos header from C:\Windows\SYSTEM32\sechost.dll
[0629/144713.927:ERROR:process_reader_win.cc(242)] ReadMemory at 0x4461980000 of 64 bytes failed: Somente uma parte de um pedido ReadProcessMemory ou WriteProcessMemory foi concluída. (0x12B)
[0629/144713.927:WARNING:pe_image_reader.cc(302)] could not read dos header from C:\Windows\system32\RPCRT4.dll
[0629/144713.927:ERROR:process_reader_win.cc(242)] ReadMemory at 0x7fff5c490000 of 64 bytes failed: Somente uma parte de um pedido ReadProcessMemory ou WriteProcessMemory foi concluída. (0x12B)
[0629/144713.928:WARNING:pe_image_reader.cc(302)] could not read dos header from C:\Windows\SYSTEM32\combase.dll
[0629/144713.928:ERROR:process_reader_win.cc(242)] ReadMemory at 0x7fff5c710000 of 64 bytes failed: Somente uma parte de um pedido ReadProcessMemory ou WriteProcessMemory foi concluída. (0x12B)
[0629/144713.928:WARNING:pe_image_reader.cc(302)] could not read dos header from C:\Windows\system32\GDI32.dll
[0629/144713.928:ERROR:process_reader_win.cc(242)] ReadMemory at 0x7fff53360000 of 64 bytes failed: Somente uma parte de um pedido ReadProcessMemory ou WriteProcessMemory foi concluída. (0x12B)
[0629/144713.928:WARNING:pe_image_reader.cc(302)] could not read dos header from C:\Windows\SYSTEM32\WINMMBASE.dll
[0629/144713.928:ERROR:process_reader_win.cc(242)] ReadMemory at 0x7fff5a2a0000 of 64 bytes failed: Somente uma parte de um pedido ReadProcessMemory ou WriteProcessMemory foi concluída. (0x12B)
[0629/144713.928:WARNING:pe_image_reader.cc(302)] could not read dos header from C:\Windows\SYSTEM32\profapi.dll
[0629/144713.928:ERROR:process_reader_win.cc(242)] ReadMemory at 0x7fff5a600000 of 64 bytes failed: Somente uma parte de um pedido ReadProcessMemory ou WriteProcessMemory foi concluída. (0x12B)
[0629/144713.928:WARNING:pe_image_reader.cc(302)] could not read dos header from C:\Windows\system32\SspiCli.dll
[0629/144713.928:ERROR:process_reader_win.cc(242)] ReadMemory at 0x7fff5a7b0000 of 64 bytes failed: Somente uma parte de um pedido ReadProcessMemory ou WriteProcessMemory foi concluída. (0x12B)
[0629/144713.928:WARNING:pe_image_reader.cc(302)] could not read dos header from C:\Windows\SYSTEM32\cfgmgr32.dll
[0629/144713.928:ERROR:process_reader_win.cc(242)] ReadMemory at 0x7fff590c0000 of 64 bytes failed: Somente uma parte de um pedido ReadProcessMemory ou WriteProcessMemory foi concluída. (0x12B)
[0629/144713.928:WARNING:pe_image_reader.cc(302)] could not read dos header from C:\Windows\SYSTEM32\DEVOBJ.dll
[0629/144713.928:ERROR:process_reader_win.cc(242)] ReadMemory at 0x7fff5a1e0000 of 64 bytes failed: Somente uma parte de um pedido ReadProcessMemory ou WriteProcessMemory foi concluída. (0x12B)
[0629/144713.928:WARNING:pe_image_reader.cc(302)] could not read dos header from C:\Windows\SYSTEM32\CRYPTBASE.DLL
[0629/144713.928:ERROR:process_reader_win.cc(242)] ReadMemory at 0x7fff5a170000 of 64 bytes failed: Somente uma parte de um pedido ReadProcessMemory ou WriteProcessMemory foi concluída. (0x12B)
[0629/144713.928:WARNING:pe_image_reader.cc(302)] could not read dos header from C:\Windows\SYSTEM32\bcryptPrimitives.dll
[0629/144713.928:ERROR:process_reader_win.cc(242)] ReadMemory at 0x7fff5c2f0000 of 64 bytes failed: Somente uma parte de um pedido ReadProcessMemory ou WriteProcessMemory foi concluída. (0x12B)
[0629/144713.928:WARNING:pe_image_reader.cc(302)] could not read dos header from C:\Windows\system32\IMM32.DLL
[0629/144713.929:ERROR:process_reader_win.cc(242)] ReadMemory at 0x7fff5c330000 of 64 bytes failed: Somente uma parte de um pedido ReadProcessMemory ou WriteProcessMemory foi concluída. (0x12B)
[0629/144713.929:WARNING:pe_image_reader.cc(302)] could not read dos header from C:\Windows\system32\MSCTF.dll
[0629/144713.929:ERROR:process_reader_win.cc(242)] ReadMemory at 0x7fff45e50000 of 64 bytes failed: Somente uma parte de um pedido ReadProcessMemory ou WriteProcessMemory foi concluída. (0x12B)
[0629/144713.929:WARNING:pe_image_reader.cc(302)] could not read dos header from C:\Program Files\Diebold\Warsaw\wslbdhm64.dll
[0629/144713.929:ERROR:process_reader_win.cc(242)] ReadMemory at 0x7fff5cc00000 of 64 bytes failed: Somente uma parte de um pedido ReadProcessMemory ou WriteProcessMemory foi concluída. (0x12B)
[0629/144713.929:WARNING:pe_image_reader.cc(302)] could not read dos header from C:\Windows\system32\WS2_32.dll
[0629/144713.929:ERROR:process_reader_win.cc(242)] ReadMemory at 0x7fff5d160000 of 64 bytes failed: Somente uma parte de um pedido ReadProcessMemory ou WriteProcessMemory foi concluída. (0x12B)
[0629/144713.929:WARNING:pe_image_reader.cc(302)] could not read dos header from C:\Windows\system32\NSI.dll
[0629/144713.929:ERROR:process_reader_win.cc(242)] ReadMemory at 0x7fff538c0000 of 64 bytes failed: Somente uma parte de um pedido ReadProcessMemory ou WriteProcessMemory foi concluída. (0x12B)
[0629/144713.929:WARNING:pe_image_reader.cc(302)] could not read dos header from C:\Windows\SYSTEM32\ntmarta.dll
[0629/144713.929:ERROR:process_reader_win.cc(242)] ReadMemory at 0x7fff476c0000 of 64 bytes failed: Somente uma parte de um pedido ReadProcessMemory ou WriteProcessMemory foi concluída. (0x12B)
[0629/144713.929:WARNING:pe_image_reader.cc(302)] could not read dos header from C:\Program Files\Diebold\Warsaw\wslbscrwh64.dll
[0629/144713.929:ERROR:process_reader_win.cc(242)] ReadMemory at 0x7fff58520000 of 64 bytes failed: Somente uma parte de um pedido ReadProcessMemory ou WriteProcessMemory foi concluída. (0x12B)
[0629/144713.929:WARNING:pe_image_reader.cc(302)] could not read dos header from C:\Windows\SYSTEM32\shcore.dll
[0629/144713.929:ERROR:process_reader_win.cc(242)] ReadMemory at 0x7fff1f830000 of 64 bytes failed: Somente uma parte de um pedido ReadProcessMemory ou WriteProcessMemory foi concluída. (0x12B)
[0629/144713.929:WARNING:pe_image_reader.cc(302)] could not read dos header from C:\Program Files (x86)\Google\Chrome\Application\67.0.3396.99\chrome_child.dll
[0629/144713.929:ERROR:process_reader_win.cc(242)] ReadMemory at 0x7fff5d0a0000 of 64 bytes failed: Somente uma parte de um pedido ReadProcessMemory ou WriteProcessMemory foi concluída. (0x12B)
[0629/144713.929:WARNING:pe_image_reader.cc(302)] could not read dos header from C:\Windows\system32\COMDLG32.dll
[0629/144713.929:ERROR:process_reader_win.cc(242)] ReadMemory at 0x4461e10000 of 64 bytes failed: Somente uma parte de um pedido ReadProcessMemory ou WriteProcessMemory foi concluída. (0x12B)
[0629/144713.930:WARNING:pe_image_reader.cc(302)] could not read dos header from C:\Windows\system32\OLEAUT32.dll
[0629/144713.930:ERROR:process_reader_win.cc(242)] ReadMemory at 0x7fff5ac20000 of 64 bytes failed: Somente uma parte de um pedido ReadProcessMemory ou WriteProcessMemory foi concluída. (0x12B)
[0629/144713.930:WARNING:pe_image_reader.cc(302)] could not read dos header from C:\Windows\system32\ole32.dll
[0629/144713.930:ERROR:process_reader_win.cc(242)] ReadMemory at 0x7fff55cb0000 of 64 bytes failed: Somente uma parte de um pedido ReadProcessMemory ou WriteProcessMemory foi concluída. (0x12B)
[0629/144713.930:WARNING:pe_image_reader.cc(302)] could not read dos header from C:\Windows\SYSTEM32\Secur32.dll
[0629/144713.930:ERROR:process_reader_win.cc(242)] ReadMemory at 0x7fff5a630000 of 64 bytes failed: Somente uma parte de um pedido ReadProcessMemory ou WriteProcessMemory foi concluída. (0x12B)
[0629/144713.930:WARNING:pe_image_reader.cc(302)] could not read dos header from C:\Windows\system32\WINTRUST.dll
[0629/144713.930:ERROR:process_reader_win.cc(242)] ReadMemory at 0x7fff4c5e0000 of 64 bytes failed: Somente uma parte de um pedido ReadProcessMemory ou WriteProcessMemory foi concluída. (0x12B)
[0629/144713.930:WARNING:pe_image_reader.cc(302)] could not read dos header from C:\Windows\SYSTEM32\dbghelp.dll
[0629/144713.930:ERROR:process_reader_win.cc(242)] ReadMemory at 0x7fff53e70000 of 64 bytes failed: Somente uma parte de um pedido ReadProcessMemory ou WriteProcessMemory foi concluída. (0x12B)
[0629/144713.930:WARNING:pe_image_reader.cc(302)] could not read dos header from C:\Windows\SYSTEM32\USP10.dll
[0629/144713.930:ERROR:process_reader_win.cc(242)] ReadMemory at 0x7fff55130000 of 64 bytes failed: Somente uma parte de um pedido ReadProcessMemory ou WriteProcessMemory foi concluída. (0x12B)
[0629/144713.930:WARNING:pe_image_reader.cc(302)] could not read dos header from C:\Windows\SYSTEM32\WINSPOOL.DRV
[0629/144713.930:ERROR:process_reader_win.cc(242)] ReadMemory at 0x7fff5a420000 of 64 bytes failed: Somente uma parte de um pedido ReadProcessMemory ou WriteProcessMemory foi concluída. (0x12B)
[0629/144713.930:WARNING:pe_image_reader.cc(302)] could not read dos header from C:\Windows\system32\CRYPT32.dll
[0629/144713.930:ERROR:process_reader_win.cc(242)] ReadMemory at 0x7fff55030000 of 64 bytes failed: Somente uma parte de um pedido ReadProcessMemory ou WriteProcessMemory foi concluída. (0x12B)
[0629/144713.930:WARNING:pe_image_reader.cc(302)] could not read dos header from C:\Windows\SYSTEM32\IPHLPAPI.DLL
[0629/144713.930:ERROR:process_reader_win.cc(242)] ReadMemory at 0x7fff52c30000 of 64 bytes failed: Somente uma parte de um pedido ReadProcessMemory ou WriteProcessMemory foi concluída. (0x12B)
[0629/144713.930:WARNING:pe_image_reader.cc(302)] could not read dos header from C:\Windows\SYSTEM32\urlmon.dll
[0629/144713.930:ERROR:process_reader_win.cc(242)] ReadMemory at 0x7fff56010000 of 64 bytes failed: Somente uma parte de um pedido ReadProcessMemory ou WriteProcessMemory foi concluída. (0x12B)
[0629/144713.930:WARNING:pe_image_reader.cc(302)] could not read dos header from C:\Windows\SYSTEM32\DWrite.dll
[0629/144713.930:ERROR:process_reader_win.cc(242)] ReadMemory at 0x7fff578e0000 of 64 bytes failed: Somente uma parte de um pedido ReadProcessMemory ou WriteProcessMemory foi concluída. (0x12B)
[0629/144713.930:WARNING:pe_image_reader.cc(302)] could not read dos header from C:\Windows\SYSTEM32\dxgi.dll
[0629/144713.931:ERROR:process_reader_win.cc(242)] ReadMemory at 0x7fff54b50000 of 64 bytes failed: Somente uma parte de um pedido ReadProcessMemory ou WriteProcessMemory foi concluída. (0x12B)
[0629/144713.931:WARNING:pe_image_reader.cc(302)] could not read dos header from C:\Windows\SYSTEM32\dhcpcsvc.DLL
[0629/144713.931:ERROR:process_reader_win.cc(242)] ReadMemory at 0x7fff56640000 of 64 bytes failed: Somente uma parte de um pedido ReadProcessMemory ou WriteProcessMemory foi concluída. (0x12B)
[0629/144713.931:WARNING:pe_image_reader.cc(302)] could not read dos header from C:\Windows\WinSxS\amd64_microsoft.windows.common-controls_6595b64144ccf1df_6.0.9600.18006_none_623f33d3ecbe86e8\COMCTL32.dll
[0629/144713.931:ERROR:process_reader_win.cc(242)] ReadMemory at 0x7fff5a350000 of 64 bytes failed: Somente uma parte de um pedido ReadProcessMemory ou WriteProcessMemory foi concluída. (0x12B)
[0629/144713.931:WARNING:pe_image_reader.cc(302)] could not read dos header from C:\Windows\system32\MSASN1.dll
[0629/144713.931:ERROR:process_reader_win.cc(242)] ReadMemory at 0x7fff55090000 of 64 bytes failed: Somente uma parte de um pedido ReadProcessMemory ou WriteProcessMemory foi concluída. (0x12B)
[0629/144713.931:WARNING:pe_image_reader.cc(302)] could not read dos header from C:\Windows\SYSTEM32\WINNSI.DLL
[0629/144713.931:ERROR:process_reader_win.cc(242)] ReadMemory at 0x7fff52960000 of 64 bytes failed: Somente uma parte de um pedido ReadProcessMemory ou WriteProcessMemory foi concluída. (0x12B)
[0629/144713.931:WARNING:pe_image_reader.cc(302)] could not read dos header from C:\Windows\SYSTEM32\iertutil.dll
[0629/144713.931:ERROR:process_reader_win.cc(242)] ReadMemory at 0x7fff52630000 of 64 bytes failed: Somente uma parte de um pedido ReadProcessMemory ou WriteProcessMemory foi concluída. (0x12B)
[0629/144713.931:WARNING:pe_image_reader.cc(302)] could not read dos header from C:\Windows\SYSTEM32\WININET.dll
[0629/144714.346:ERROR:process_reader_win.cc(242)] ReadMemory at 0x44616bc000 of 81920 bytes failed: Somente uma parte de um pedido ReadProcessMemory ou WriteProcessMemory foi concluída. (0x12B)
[0629/144714.346:ERROR:crash_report_exception_handler.cc(111)] WriteEverything failed
[0629/144714.348:ERROR:filesystem_win.cc(148)] DeleteFile C:\Users\Allyson Andrade\AppData\Local\Google\Chrome\User Data\Crashpad\reports\bad0252f-c51c-45da-9dbf-54a1c47e1267.dmp: O arquivo já está sendo usado por outro processo. (0x20)
[0629/144714.350:ERROR:scoped_process_suspend.cc(40)] NtResumeProcess: Tentou-se acessar um processo de saída. (0xc000010a)
